<?xml version="1.0" encoding="UTF-8"?>
<testsuite xmlns:xsi="http://www.w3.org/2001/XMLSchema-instance" xsi:noNamespaceSchemaLocation="https://maven.apache.org/surefire/maven-surefire-plugin/xsd/surefire-test-report-3.0.xsd" version="3.0" name="com.retirement.engine.MonteCarloEngineTest" time="0.703" tests="5" errors="0" skipped="0" failures="0">
  <properties>
    <property name="java.specification.version" value="21"/>
    <property name="sun.jnu.encoding" value="UTF-8"/>
    <property name="java.class.path" value="/Users/ssahu16/Documents/Work/Workspace/SumeetSahu/StochasticCalculator/target/test-classes:/Users/ssahu16/Documents/Work/Workspace/SumeetSahu/StochasticCalculator/target/classes:/Users/ssahu16/.m2/repository/org/apache/commons/commons-math3/3.6.1/commons-math3-3.6.1.jar:/Users/ssahu16/.m2/repository/junit/junit/4.13.2/junit-4.13.2.jar:/Users/ssahu16/.m2/repository/org/hamcrest/hamcrest-core/1.3/hamcrest-core-1.3.jar:"/>
    <property name="java.vm.vendor" value="Amazon.com Inc."/>
    <property name="sun.arch.data.model" value="64"/>
    <property name="java.vendor.url" value="https://aws.amazon.com/corretto/"/>
    <property name="os.name" value="Mac OS X"/>
    <property name="java.vm.specification.version" value="21"/>
    <property name="sun.java.launcher" value="SUN_STANDARD"/>
    <property name="user.country" value="IN"/>
    <property name="sun.boot.library.path" value="/Library/Java/JavaVirtualMachines/amazon-corretto-21.jdk/Contents/Home/lib"/>
    <property name="sun.java.command" value="/Users/ssahu16/Documents/Work/Workspace/SumeetSahu/StochasticCalculator/target/surefire/surefirebooter-20250320151055984_3.jar /Users/ssahu16/Documents/Work/Workspace/SumeetSahu/StochasticCalculator/target/surefire 2025-03-20T15-10-55_846-jvmRun1 surefire-20250320151055984_1tmp surefire_0-20250320151055984_2tmp"/>
    <property name="jdk.debug" value="release"/>
    <property name="surefire.test.class.path" value="/Users/ssahu16/Documents/Work/Workspace/SumeetSahu/StochasticCalculator/target/test-classes:/Users/ssahu16/Documents/Work/Workspace/SumeetSahu/StochasticCalculator/target/classes:/Users/ssahu16/.m2/repository/org/apache/commons/commons-math3/3.6.1/commons-math3-3.6.1.jar:/Users/ssahu16/.m2/repository/junit/junit/4.13.2/junit-4.13.2.jar:/Users/ssahu16/.m2/repository/org/hamcrest/hamcrest-core/1.3/hamcrest-core-1.3.jar:"/>
    <property name="sun.cpu.endian" value="little"/>
    <property name="user.home" value="/Users/ssahu16"/>
    <property name="user.language" value="en"/>
    <property name="java.specification.vendor" value="Oracle Corporation"/>
    <property name="java.version.date" value="2024-07-16"/>
    <property name="java.home" value="/Library/Java/JavaVirtualMachines/amazon-corretto-21.jdk/Contents/Home"/>
    <property name="file.separator" value="/"/>
    <property name="basedir" value="/Users/ssahu16/Documents/Work/Workspace/SumeetSahu/StochasticCalculator"/>
    <property name="java.vm.compressedOopsMode" value="Zero based"/>
    <property name="line.separator" value="&#10;"/>
    <property name="java.specification.name" value="Java Platform API Specification"/>
    <property name="java.vm.specification.vendor" value="Oracle Corporation"/>
    <property name="apple.awt.application.name" value="ForkedBooter"/>
    <property name="surefire.real.class.path" value="/Users/ssahu16/Documents/Work/Workspace/SumeetSahu/StochasticCalculator/target/surefire/surefirebooter-20250320151055984_3.jar"/>
    <property name="sun.management.compiler" value="HotSpot 64-Bit Tiered Compilers"/>
    <property name="java.runtime.version" value="21.0.4+7-LTS"/>
    <property name="user.name" value="ssahu16"/>
    <property name="stdout.encoding" value="UTF-8"/>
    <property name="path.separator" value=":"/>
    <property name="os.version" value="15.3.2"/>
    <property name="java.runtime.name" value="OpenJDK Runtime Environment"/>
    <property name="file.encoding" value="UTF-8"/>
    <property name="java.vm.name" value="OpenJDK 64-Bit Server VM"/>
    <property name="java.vendor.version" value="Corretto-21.0.4.7.1"/>
    <property name="localRepository" value="/Users/ssahu16/.m2/repository"/>
    <property name="java.vendor.url.bug" value="https://github.com/corretto/corretto-21/issues/"/>
    <property name="java.io.tmpdir" value="/var/folders/9k/qgdkzjg569g8h3f47n8hzjqw0000gr/T/"/>
    <property name="java.version" value="21.0.4"/>
    <property name="user.dir" value="/Users/ssahu16/Documents/Work/Workspace/SumeetSahu/StochasticCalculator"/>
    <property name="os.arch" value="x86_64"/>
    <property name="java.vm.specification.name" value="Java Virtual Machine Specification"/>
    <property name="native.encoding" value="UTF-8"/>
    <property name="java.library.path" value="/Users/ssahu16/Library/Java/Extensions:/Library/Java/Extensions:/Network/Library/Java/Extensions:/System/Library/Java/Extensions:/usr/lib/java:."/>
    <property name="java.vm.info" value="mixed mode, sharing"/>
    <property name="stderr.encoding" value="UTF-8"/>
    <property name="java.vendor" value="Amazon.com Inc."/>
    <property name="java.vm.version" value="21.0.4+7-LTS"/>
    <property name="sun.io.unicode.encoding" value="UnicodeBig"/>
    <property name="java.class.version" value="65.0"/>
  </properties>
  <testcase name="testCalculateSuccessRateBasicMode" classname="com.retirement.engine.MonteCarloEngineTest" time="0.585">
    <system-out><![CDATA[Searching for required corpus to meet target success rate...
[=>                  ]   6% - Calculating required corpus[=>                  ]   5% - Calculating success rate[==>                 ]  10% - Calculating success rate[===>                ]  15% - Calculating success rate[====>               ]  20% - Calculating success rate[=====>              ]  25% - Calculating success rate[======>             ]  30% - Calculating success rate[=======>            ]  35% - Calculating success rate[========>           ]  40% - Calculating success rate[=========>          ]  45% - Calculating success rate[==========>         ]  50% - Calculating success rate[===========>        ]  55% - Calculating success rate[============>       ]  60% - Calculating success rate[=============>      ]  65% - Calculating success rate[==============>     ]  70% - Calculating success rate[===============>    ]  75% - Calculating success rate[================>   ]  80% - Calculating success rate[=================>  ]  85% - Calculating success rate[==================> ]  90% - Calculating success rate[===================>]  95% - Calculating success rate[====================] 100% - Calculating success rate
Iteration 1/15: Corpus $1.50M - Success Rate 83.2% (Target: 85.0%)
[==>                 ]  13% - Calculating required corpus[=>                  ]   5% - Calculating success rate[==>                 ]  10% - Calculating success rate[===>                ]  15% - Calculating success rate[====>               ]  20% - Calculating success rate[=====>              ]  25% - Calculating success rate[======>             ]  30% - Calculating success rate[=======>            ]  35% - Calculating success rate[========>           ]  40% - Calculating success rate[=========>          ]  45% - Calculating success rate[==========>         ]  50% - Calculating success rate[===========>        ]  55% - Calculating success rate[============>       ]  60% - Calculating success rate[=============>      ]  65% - Calculating success rate[==============>     ]  70% - Calculating success rate[===============>    ]  75% - Calculating success rate[================>   ]  80% - Calculating success rate[=================>  ]  85% - Calculating success rate[==================> ]  90% - Calculating success rate[===================>]  95% - Calculating success rate[====================] 100% - Calculating success rate
Iteration 2/15: Corpus $3.00M - Success Rate 100.0% (Target: 85.0%)
[====>               ]  20% - Calculating required corpus[=>                  ]   5% - Calculating success rate[==>                 ]  10% - Calculating success rate[===>                ]  15% - Calculating success rate[====>               ]  20% - Calculating success rate[=====>              ]  25% - Calculating success rate[======>             ]  30% - Calculating success rate[=======>            ]  35% - Calculating success rate[========>           ]  40% - Calculating success rate[=========>          ]  45% - Calculating success rate[==========>         ]  50% - Calculating success rate[===========>        ]  55% - Calculating success rate[============>       ]  60% - Calculating success rate[=============>      ]  65% - Calculating success rate[==============>     ]  70% - Calculating success rate[===============>    ]  75% - Calculating success rate[================>   ]  80% - Calculating success rate[=================>  ]  85% - Calculating success rate[==================> ]  90% - Calculating success rate[===================>]  95% - Calculating success rate[====================] 100% - Calculating success rate
Iteration 3/15: Corpus $2.25M - Success Rate 98.5% (Target: 85.0%)
[=====>              ]  26% - Calculating required corpus[=>                  ]   5% - Calculating success rate[==>                 ]  10% - Calculating success rate[===>                ]  15% - Calculating success rate[====>               ]  20% - Calculating success rate[=====>              ]  25% - Calculating success rate[======>             ]  30% - Calculating success rate[=======>            ]  35% - Calculating success rate[========>           ]  40% - Calculating success rate[=========>          ]  45% - Calculating success rate[==========>         ]  50% - Calculating success rate[===========>        ]  55% - Calculating success rate[============>       ]  60% - Calculating success rate[=============>      ]  65% - Calculating success rate[==============>     ]  70% - Calculating success rate[===============>    ]  75% - Calculating success rate[================>   ]  80% - Calculating success rate[=================>  ]  85% - Calculating success rate[==================> ]  90% - Calculating success rate[===================>]  95% - Calculating success rate[====================] 100% - Calculating success rate
Iteration 4/15: Corpus $1.88M - Success Rate 95.2% (Target: 85.0%)
[======>             ]  33% - Calculating required corpus[=>                  ]   5% - Calculating success rate[==>                 ]  10% - Calculating success rate[===>                ]  15% - Calculating success rate[====>               ]  20% - Calculating success rate[=====>              ]  25% - Calculating success rate[======>             ]  30% - Calculating success rate[=======>            ]  35% - Calculating success rate[========>           ]  40% - Calculating success rate[=========>          ]  45% - Calculating success rate[==========>         ]  50% - Calculating success rate[===========>        ]  55% - Calculating success rate[============>       ]  60% - Calculating success rate[=============>      ]  65% - Calculating success rate[==============>     ]  70% - Calculating success rate[===============>    ]  75% - Calculating success rate[================>   ]  80% - Calculating success rate[=================>  ]  85% - Calculating success rate[==================> ]  90% - Calculating success rate[===================>]  95% - Calculating success rate[====================] 100% - Calculating success rate
Iteration 5/15: Corpus $1.69M - Success Rate 89.3% (Target: 85.0%)
[========>           ]  40% - Calculating required corpus[=>                  ]   5% - Calculating success rate[==>                 ]  10% - Calculating success rate[===>                ]  15% - Calculating success rate[====>               ]  20% - Calculating success rate[=====>              ]  25% - Calculating success rate[======>             ]  30% - Calculating success rate[=======>            ]  35% - Calculating success rate[========>           ]  40% - Calculating success rate[=========>          ]  45% - Calculating success rate[==========>         ]  50% - Calculating success rate[===========>        ]  55% - Calculating success rate[============>       ]  60% - Calculating success rate[=============>      ]  65% - Calculating success rate[==============>     ]  70% - Calculating success rate[===============>    ]  75% - Calculating success rate[================>   ]  80% - Calculating success rate[=================>  ]  85% - Calculating success rate[==================> ]  90% - Calculating success rate[===================>]  95% - Calculating success rate[====================] 100% - Calculating success rate
Iteration 6/15: Corpus $1.59M - Success Rate 86.9% (Target: 85.0%)
[=========>          ]  46% - Calculating required corpus[=>                  ]   5% - Calculating success rate[==>                 ]  10% - Calculating success rate[===>                ]  15% - Calculating success rate[====>               ]  20% - Calculating success rate[=====>              ]  25% - Calculating success rate[======>             ]  30% - Calculating success rate[=======>            ]  35% - Calculating success rate[========>           ]  40% - Calculating success rate[=========>          ]  45% - Calculating success rate[==========>         ]  50% - Calculating success rate[===========>        ]  55% - Calculating success rate[============>       ]  60% - Calculating success rate[=============>      ]  65% - Calculating success rate[==============>     ]  70% - Calculating success rate[===============>    ]  75% - Calculating success rate[================>   ]  80% - Calculating success rate[=================>  ]  85% - Calculating success rate[==================> ]  90% - Calculating success rate[===================>]  95% - Calculating success rate[====================] 100% - Calculating success rate
Iteration 7/15: Corpus $1.55M - Success Rate 85.8% (Target: 85.0%)
[==========>         ]  53% - Calculating required corpus[=>                  ]   5% - Calculating success rate[==>                 ]  10% - Calculating success rate[===>                ]  15% - Calculating success rate[====>               ]  20% - Calculating success rate[=====>              ]  25% - Calculating success rate[======>             ]  30% - Calculating success rate[=======>            ]  35% - Calculating success rate[========>           ]  40% - Calculating success rate[=========>          ]  45% - Calculating success rate[==========>         ]  50% - Calculating success rate[===========>        ]  55% - Calculating success rate[============>       ]  60% - Calculating success rate[=============>      ]  65% - Calculating success rate[==============>     ]  70% - Calculating success rate[===============>    ]  75% - Calculating success rate[================>   ]  80% - Calculating success rate[=================>  ]  85% - Calculating success rate[==================> ]  90% - Calculating success rate[===================>]  95% - Calculating success rate[====================] 100% - Calculating success rate
Iteration 8/15: Corpus $1.52M - Success Rate 84.0% (Target: 85.0%)
[============>       ]  60% - Calculating required corpus[=>                  ]   5% - Calculating success rate[==>                 ]  10% - Calculating success rate[===>                ]  15% - Calculating success rate[====>               ]  20% - Calculating success rate[=====>              ]  25% - Calculating success rate[======>             ]  30% - Calculating success rate[=======>            ]  35% - Calculating success rate[========>           ]  40% - Calculating success rate[=========>          ]  45% - Calculating success rate[==========>         ]  50% - Calculating success rate[===========>        ]  55% - Calculating success rate[============>       ]  60% - Calculating success rate[=============>      ]  65% - Calculating success rate[==============>     ]  70% - Calculating success rate[===============>    ]  75% - Calculating success rate[================>   ]  80% - Calculating success rate[=================>  ]  85% - Calculating success rate[==================> ]  90% - Calculating success rate[===================>]  95% - Calculating success rate[====================] 100% - Calculating success rate
Iteration 9/15: Corpus $1.54M - Success Rate 85.5% (Target: 85.0%)
[=============>      ]  66% - Calculating required corpus[=>                  ]   5% - Calculating success rate[==>                 ]  10% - Calculating success rate[===>                ]  15% - Calculating success rate[====>               ]  20% - Calculating success rate[=====>              ]  25% - Calculating success rate[======>             ]  30% - Calculating success rate[=======>            ]  35% - Calculating success rate[========>           ]  40% - Calculating success rate[=========>          ]  45% - Calculating success rate[==========>         ]  50% - Calculating success rate[===========>        ]  55% - Calculating success rate[============>       ]  60% - Calculating success rate[=============>      ]  65% - Calculating success rate[==============>     ]  70% - Calculating success rate[===============>    ]  75% - Calculating success rate[================>   ]  80% - Calculating success rate[=================>  ]  85% - Calculating success rate[==================> ]  90% - Calculating success rate[===================>]  95% - Calculating success rate[====================] 100% - Calculating success rate
Iteration 10/15: Corpus $1.53M - Success Rate 86.2% (Target: 85.0%)
[==============>     ]  73% - Calculating required corpus[=>                  ]   5% - Calculating success rate[==>                 ]  10% - Calculating success rate[===>                ]  15% - Calculating success rate[====>               ]  20% - Calculating success rate[=====>              ]  25% - Calculating success rate[======>             ]  30% - Calculating success rate[=======>            ]  35% - Calculating success rate[========>           ]  40% - Calculating success rate[=========>          ]  45% - Calculating success rate[==========>         ]  50% - Calculating success rate[===========>        ]  55% - Calculating success rate[============>       ]  60% - Calculating success rate[=============>      ]  65% - Calculating success rate[==============>     ]  70% - Calculating success rate[===============>    ]  75% - Calculating success rate[================>   ]  80% - Calculating success rate[=================>  ]  85% - Calculating success rate[==================> ]  90% - Calculating success rate[===================>]  95% - Calculating success rate[====================] 100% - Calculating success rate
Iteration 11/15: Corpus $1.53M - Success Rate 84.8% (Target: 85.0%)
[=>                  ]   5% - Calculating success rate[==>                 ]  10% - Calculating success rate[===>                ]  15% - Calculating success rate[====>               ]  20% - Calculating success rate[=====>              ]  25% - Calculating success rate[======>             ]  30% - Calculating success rate[=======>            ]  35% - Calculating success rate[========>           ]  40% - Calculating success rate[=========>          ]  45% - Calculating success rate[==========>         ]  50% - Calculating success rate[===========>        ]  55% - Calculating success rate[============>       ]  60% - Calculating success rate[=============>      ]  65% - Calculating success rate[==============>     ]  70% - Calculating success rate[===============>    ]  75% - Calculating success rate[================>   ]  80% - Calculating success rate[=================>  ]  85% - Calculating success rate[==================> ]  90% - Calculating success rate[===================>]  95% - Calculating success rate[====================] 100% - Calculating success rate
Adding safety margin: Corpus $1.57M
Final corpus: $1.57M with 83.6% success rate
[=>                  ]   5% - Calculating success rate[==>                 ]  10% - Calculating success rate[===>                ]  15% - Calculating success rate[====>               ]  20% - Calculating success rate[=====>              ]  25% - Calculating success rate[======>             ]  30% - Calculating success rate[=======>            ]  35% - Calculating success rate[========>           ]  40% - Calculating success rate[=========>          ]  45% - Calculating success rate[==========>         ]  50% - Calculating success rate[===========>        ]  55% - Calculating success rate[============>       ]  60% - Calculating success rate[=============>      ]  65% - Calculating success rate[==============>     ]  70% - Calculating success rate[===============>    ]  75% - Calculating success rate[================>   ]  80% - Calculating success rate[=================>  ]  85% - Calculating success rate[==================> ]  90% - Calculating success rate[===================>]  95% - Calculating success rate[====================] 100% - Calculating success rate
]]></system-out>
  </testcase>
  <testcase name="testCalculateProjectedCorpus" classname="com.retirement.engine.MonteCarloEngineTest" time="0.0"/>
  <testcase name="testCalculateSuccessRateAdvancedMode" classname="com.retirement.engine.MonteCarloEngineTest" time="0.029">
    <system-out><![CDATA[[=>                  ]   5% - Calculating success rate[==>                 ]  10% - Calculating success rate[===>                ]  15% - Calculating success rate[====>               ]  20% - Calculating success rate[=====>              ]  25% - Calculating success rate[======>             ]  30% - Calculating success rate[=======>            ]  35% - Calculating success rate[========>           ]  40% - Calculating success rate[=========>          ]  45% - Calculating success rate[==========>         ]  50% - Calculating success rate[===========>        ]  55% - Calculating success rate[============>       ]  60% - Calculating success rate[=============>      ]  65% - Calculating success rate[==============>     ]  70% - Calculating success rate[===============>    ]  75% - Calculating success rate[================>   ]  80% - Calculating success rate[=================>  ]  85% - Calculating success rate[==================> ]  90% - Calculating success rate[===================>]  95% - Calculating success rate[====================] 100% - Calculating success rate
]]></system-out>
  </testcase>
  <testcase name="testCalculatePercentile" classname="com.retirement.engine.MonteCarloEngineTest" time="0.0"/>
  <testcase name="testGenerateRandomReturn" classname="com.retirement.engine.MonteCarloEngineTest" time="0.0"/>
</testsuite>